Performing C SOURCE FILE Test CMAKE_HAVE_LIBC_PTHREAD failed with the following output:
Change Dir: /media/jhonat/Home/documentos/UFRN/9-semestres-engcomp/ALGORITMOS E ESTRUTURAS DE DADOS II/2_unidade/data-structure/grafos-trabalho/build/CMakeFiles/CMakeTmp

Run Build Command(s):/usr/bin/make cmTC_d5e8e/fast && /usr/bin/make -f CMakeFiles/cmTC_d5e8e.dir/build.make CMakeFiles/cmTC_d5e8e.dir/build
make[1]: Entrando no diretório '/media/jhonat/Home/documentos/UFRN/9-semestres-engcomp/ALGORITMOS E ESTRUTURAS DE DADOS II/2_unidade/data-structure/grafos-trabalho/build/CMakeFiles/CMakeTmp'
Building C object CMakeFiles/cmTC_d5e8e.dir/src.c.o
/usr/bin/cc   -DCMAKE_HAVE_LIBC_PTHREAD -fPIE   -o CMakeFiles/cmTC_d5e8e.dir/src.c.o   -c "/media/jhonat/Home/documentos/UFRN/9-semestres-engcomp/ALGORITMOS E ESTRUTURAS DE DADOS II/2_unidade/data-structure/grafos-trabalho/build/CMakeFiles/CMakeTmp/src.c"
Linking C executable cmTC_d5e8e
/usr/bin/cmake -E cmake_link_script CMakeFiles/cmTC_d5e8e.dir/link.txt --verbose=1
/usr/bin/cc  -DCMAKE_HAVE_LIBC_PTHREAD    -rdynamic CMakeFiles/cmTC_d5e8e.dir/src.c.o  -o cmTC_d5e8e 
/usr/bin/ld: CMakeFiles/cmTC_d5e8e.dir/src.c.o: na função "main":
src.c:(.text+0x46): referência não definida para "pthread_create"
/usr/bin/ld: src.c:(.text+0x52): referência não definida para "pthread_detach"
/usr/bin/ld: src.c:(.text+0x63): referência não definida para "pthread_join"
collect2: error: ld returned 1 exit status
make[1]: *** [CMakeFiles/cmTC_d5e8e.dir/build.make:87: cmTC_d5e8e] Erro 1
make[1]: Saindo do diretório '/media/jhonat/Home/documentos/UFRN/9-semestres-engcomp/ALGORITMOS E ESTRUTURAS DE DADOS II/2_unidade/data-structure/grafos-trabalho/build/CMakeFiles/CMakeTmp'
make: *** [Makefile:121: cmTC_d5e8e/fast] Erro 2


Source file was:
#include <pthread.h>

void* test_func(void* data)
{
  return data;
}

int main(void)
{
  pthread_t thread;
  pthread_create(&thread, NULL, test_func, NULL);
  pthread_detach(thread);
  pthread_join(thread, NULL);
  pthread_atfork(NULL, NULL, NULL);
  pthread_exit(NULL);

  return 0;
}

Determining if the function pthread_create exists in the pthreads failed with the following output:
Change Dir: /media/jhonat/Home/documentos/UFRN/9-semestres-engcomp/ALGORITMOS E ESTRUTURAS DE DADOS II/2_unidade/data-structure/grafos-trabalho/build/CMakeFiles/CMakeTmp

Run Build Command(s):/usr/bin/make cmTC_f69f0/fast && /usr/bin/make -f CMakeFiles/cmTC_f69f0.dir/build.make CMakeFiles/cmTC_f69f0.dir/build
make[1]: Entrando no diretório '/media/jhonat/Home/documentos/UFRN/9-semestres-engcomp/ALGORITMOS E ESTRUTURAS DE DADOS II/2_unidade/data-structure/grafos-trabalho/build/CMakeFiles/CMakeTmp'
Building C object CMakeFiles/cmTC_f69f0.dir/CheckFunctionExists.c.o
/usr/bin/cc   -DCHECK_FUNCTION_EXISTS=pthread_create -fPIE   -o CMakeFiles/cmTC_f69f0.dir/CheckFunctionExists.c.o   -c /usr/share/cmake-3.16/Modules/CheckFunctionExists.c
Linking C executable cmTC_f69f0
/usr/bin/cmake -E cmake_link_script CMakeFiles/cmTC_f69f0.dir/link.txt --verbose=1
/usr/bin/cc  -DCHECK_FUNCTION_EXISTS=pthread_create    -rdynamic CMakeFiles/cmTC_f69f0.dir/CheckFunctionExists.c.o  -o cmTC_f69f0  -lpthreads 
/usr/bin/ld: não foi possível localizar -lpthreads
collect2: error: ld returned 1 exit status
make[1]: *** [CMakeFiles/cmTC_f69f0.dir/build.make:87: cmTC_f69f0] Erro 1
make[1]: Saindo do diretório '/media/jhonat/Home/documentos/UFRN/9-semestres-engcomp/ALGORITMOS E ESTRUTURAS DE DADOS II/2_unidade/data-structure/grafos-trabalho/build/CMakeFiles/CMakeTmp'
make: *** [Makefile:121: cmTC_f69f0/fast] Erro 2



