Performing C SOURCE FILE Test CMAKE_HAVE_LIBC_PTHREAD failed with the following output:
Change Dir: /media/jhonat/Home/documentos/UFRN/9-semestres-engcomp/ALGORITMOS E ESTRUTURAS DE DADOS II/2_unidade/data-structure/grafos-hash/build/CMakeFiles/CMakeTmp

Run Build Command(s):/usr/bin/make cmTC_58452/fast && /usr/bin/make -f CMakeFiles/cmTC_58452.dir/build.make CMakeFiles/cmTC_58452.dir/build
make[1]: Entrando no diretório '/media/jhonat/Home/documentos/UFRN/9-semestres-engcomp/ALGORITMOS E ESTRUTURAS DE DADOS II/2_unidade/data-structure/grafos-hash/build/CMakeFiles/CMakeTmp'
Building C object CMakeFiles/cmTC_58452.dir/src.c.o
/bin/x86_64-linux-gnu-gcc-9   -DCMAKE_HAVE_LIBC_PTHREAD -fPIE   -o CMakeFiles/cmTC_58452.dir/src.c.o   -c "/media/jhonat/Home/documentos/UFRN/9-semestres-engcomp/ALGORITMOS E ESTRUTURAS DE DADOS II/2_unidade/data-structure/grafos-hash/build/CMakeFiles/CMakeTmp/src.c"
Linking C executable cmTC_58452
/usr/bin/cmake -E cmake_link_script CMakeFiles/cmTC_58452.dir/link.txt --verbose=1
/bin/x86_64-linux-gnu-gcc-9  -DCMAKE_HAVE_LIBC_PTHREAD    -rdynamic CMakeFiles/cmTC_58452.dir/src.c.o  -o cmTC_58452 
/usr/bin/ld: CMakeFiles/cmTC_58452.dir/src.c.o: na função "main":
src.c:(.text+0x46): referência não definida para "pthread_create"
/usr/bin/ld: src.c:(.text+0x52): referência não definida para "pthread_detach"
/usr/bin/ld: src.c:(.text+0x63): referência não definida para "pthread_join"
collect2: error: ld returned 1 exit status
make[1]: *** [CMakeFiles/cmTC_58452.dir/build.make:87: cmTC_58452] Erro 1
make[1]: Saindo do diretório '/media/jhonat/Home/documentos/UFRN/9-semestres-engcomp/ALGORITMOS E ESTRUTURAS DE DADOS II/2_unidade/data-structure/grafos-hash/build/CMakeFiles/CMakeTmp'
make: *** [Makefile:121: cmTC_58452/fast] Erro 2


Source file was:
#include <pthread.h>

void* test_func(void* data)
{
  return data;
}

int main(void)
{
  pthread_t thread;
  pthread_create(&thread, NULL, test_func, NULL);
  pthread_detach(thread);
  pthread_join(thread, NULL);
  pthread_atfork(NULL, NULL, NULL);
  pthread_exit(NULL);

  return 0;
}

Determining if the function pthread_create exists in the pthreads failed with the following output:
Change Dir: /media/jhonat/Home/documentos/UFRN/9-semestres-engcomp/ALGORITMOS E ESTRUTURAS DE DADOS II/2_unidade/data-structure/grafos-hash/build/CMakeFiles/CMakeTmp

Run Build Command(s):/usr/bin/make cmTC_523d7/fast && /usr/bin/make -f CMakeFiles/cmTC_523d7.dir/build.make CMakeFiles/cmTC_523d7.dir/build
make[1]: Entrando no diretório '/media/jhonat/Home/documentos/UFRN/9-semestres-engcomp/ALGORITMOS E ESTRUTURAS DE DADOS II/2_unidade/data-structure/grafos-hash/build/CMakeFiles/CMakeTmp'
Building C object CMakeFiles/cmTC_523d7.dir/CheckFunctionExists.c.o
/bin/x86_64-linux-gnu-gcc-9   -DCHECK_FUNCTION_EXISTS=pthread_create -fPIE   -o CMakeFiles/cmTC_523d7.dir/CheckFunctionExists.c.o   -c /usr/share/cmake-3.16/Modules/CheckFunctionExists.c
Linking C executable cmTC_523d7
/usr/bin/cmake -E cmake_link_script CMakeFiles/cmTC_523d7.dir/link.txt --verbose=1
/bin/x86_64-linux-gnu-gcc-9  -DCHECK_FUNCTION_EXISTS=pthread_create    -rdynamic CMakeFiles/cmTC_523d7.dir/CheckFunctionExists.c.o  -o cmTC_523d7  -lpthreads 
/usr/bin/ld: não foi possível localizar -lpthreads
collect2: error: ld returned 1 exit status
make[1]: *** [CMakeFiles/cmTC_523d7.dir/build.make:87: cmTC_523d7] Erro 1
make[1]: Saindo do diretório '/media/jhonat/Home/documentos/UFRN/9-semestres-engcomp/ALGORITMOS E ESTRUTURAS DE DADOS II/2_unidade/data-structure/grafos-hash/build/CMakeFiles/CMakeTmp'
make: *** [Makefile:121: cmTC_523d7/fast] Erro 2



